


log for -nothing -F /Users/robin/Dropbox/Software/rje-package/rje/R/porta.ieq 

input file /Users/robin/Dropbox/Software/rje-package/rje/R/porta.ieq o.k.
dimension              :   25 
number of equations    :   10 
number of inequalities :   16 

GAUSS - ELIMINATION:
| iter- |     # equa |  # ineq  |   max| long|   non- |     mem |  cpu-time | real-time |
| ation |            |          |  bit-|arith|  zeros |    used |      used |      used |
|       |            |          |length|metic|   in % |   in kB |    in sec |    in sec |
|-------|------------|----------|------|-----|--------|---------|-----------|-----------|
|    10 |         10 |       16 |    1 |   n |   0.13 |      75 |      0.39 |      0.00 |
|     9 |          9 |       16 |    1 |   n |   0.14 |      75 |      0.39 |      0.00 |
|     8 |          8 |       16 |    1 |   n |   0.14 |      75 |      0.39 |      0.00 |
|     7 |          7 |       16 |    1 |   n |   0.15 |      75 |      0.39 |      0.00 |
|     6 |          6 |       16 |    1 |   n |   0.16 |      75 |      0.39 |      0.00 |
|     5 |          5 |       16 |    1 |   n |   0.17 |      75 |      0.39 |      0.00 |
|     4 |          4 |       16 |    1 |   n |   0.18 |      75 |      0.39 |      0.00 |
 variable 17 eliminated - finite equation found
|     3 |          3 |       17 |    1 |   n |   0.20 |      75 |      0.39 |      0.00 |
|     2 |          2 |       17 |    1 |   n |   0.24 |      75 |      0.39 |      0.00 |
 variable 21 eliminated - finite equation found
|     1 |          1 |       18 |    1 |   n |   0.26 |      76 |      0.39 |      0.00 |

FOURIER - MOTZKIN - ELIMINATION:
| iter- |      upper |  # ineq  |   max| long|   non- |     mem |  cpu-time | real-time |
| ation |      bound |          |  bit-|arith|  zeros |    used |      used |      used |
|       |     # ineq |          |length|metic|   in % |   in kB |    in sec |    in sec |
|-------|------------|----------|------|-----|--------|---------|-----------|-----------|
|     8 |         16 |       16 |    1 |   n |   0.07 |     862 |      0.39 |      0.00 |
|     7 |         16 |       16 |    1 |   n |   0.09 |     862 |      0.39 |      0.00 |
|     6 |         16 |       15 |    1 |   n |   0.10 |     862 |      0.39 |      0.00 |
|     5 |         15 |       14 |    1 |   n |   0.12 |     862 |      0.39 |      0.00 |
|     4 |         19 |       19 |    1 |   n |   0.21 |     863 |      0.39 |      0.00 |
|     3 |         33 |       22 |    2 |   n |   0.28 |     863 |      0.39 |      0.00 |
|     2 |         39 |       25 |    2 |   n |   0.33 |     863 |      0.39 |      0.00 |
|     1 |         68 |       28 |    2 |   n |   0.41 |     863 |      0.39 |      0.00 |

sum of inequalities over all iterations :    155
maximal number of inequalities          :     28

transformation to integer values 
sorting system 
output written to file /Users/robin/Dropbox/Software/rje-package/rje/R/porta.ieq.ieq

